Determining if the function log exists failed with the following output:
Change Dir: /home/bjliuchang5/study/cmake/build/CMakeFiles/CMakeTmp

Run Build Command:"/usr/bin/make" "cmTC_8ab9e/fast"
/usr/bin/make -f CMakeFiles/cmTC_8ab9e.dir/build.make CMakeFiles/cmTC_8ab9e.dir/build
make[1]: Entering directory `/home/bjliuchang5/study/cmake/build/CMakeFiles/CMakeTmp'
Building C object CMakeFiles/cmTC_8ab9e.dir/CheckFunctionExists.c.o
/usr/bin/cc    -DCHECK_FUNCTION_EXISTS=log   -o CMakeFiles/cmTC_8ab9e.dir/CheckFunctionExists.c.o   -c /home/bjliuchang5/software/cmake/cmake-3.6/share/cmake-3.6/Modules/CheckFunctionExists.c
/home/bjliuchang5/software/cmake/cmake-3.6/share/cmake-3.6/Modules/CheckFunctionExists.c:7:3: warning: conflicting types for built-in function ‘log’ [enabled by default]
Linking C executable cmTC_8ab9e
/home/bjliuchang5/software/cmake/cmake-3.6/bin/cmake -E cmake_link_script CMakeFiles/cmTC_8ab9e.dir/link.txt --verbose=1
/usr/bin/cc   -DCHECK_FUNCTION_EXISTS=log    CMakeFiles/cmTC_8ab9e.dir/CheckFunctionExists.c.o  -o cmTC_8ab9e -rdynamic 
CMakeFiles/cmTC_8ab9e.dir/CheckFunctionExists.c.o: In function `main':
CheckFunctionExists.c:(.text+0x15): undefined reference to `log'
collect2: error: ld returned 1 exit status
make[1]: *** [cmTC_8ab9e] Error 1
make[1]: Leaving directory `/home/bjliuchang5/study/cmake/build/CMakeFiles/CMakeTmp'
make: *** [cmTC_8ab9e/fast] Error 2


Determining if the function exp exists failed with the following output:
Change Dir: /home/bjliuchang5/study/cmake/build/CMakeFiles/CMakeTmp

Run Build Command:"/usr/bin/make" "cmTC_d0266/fast"
/usr/bin/make -f CMakeFiles/cmTC_d0266.dir/build.make CMakeFiles/cmTC_d0266.dir/build
make[1]: Entering directory `/home/bjliuchang5/study/cmake/build/CMakeFiles/CMakeTmp'
Building C object CMakeFiles/cmTC_d0266.dir/CheckFunctionExists.c.o
/usr/bin/cc    -DCHECK_FUNCTION_EXISTS=exp   -o CMakeFiles/cmTC_d0266.dir/CheckFunctionExists.c.o   -c /home/bjliuchang5/software/cmake/cmake-3.6/share/cmake-3.6/Modules/CheckFunctionExists.c
/home/bjliuchang5/software/cmake/cmake-3.6/share/cmake-3.6/Modules/CheckFunctionExists.c:7:3: warning: conflicting types for built-in function ‘exp’ [enabled by default]
Linking C executable cmTC_d0266
/home/bjliuchang5/software/cmake/cmake-3.6/bin/cmake -E cmake_link_script CMakeFiles/cmTC_d0266.dir/link.txt --verbose=1
/usr/bin/cc   -DCHECK_FUNCTION_EXISTS=exp    CMakeFiles/cmTC_d0266.dir/CheckFunctionExists.c.o  -o cmTC_d0266 -rdynamic 
CMakeFiles/cmTC_d0266.dir/CheckFunctionExists.c.o: In function `main':
CheckFunctionExists.c:(.text+0x15): undefined reference to `exp'
collect2: error: ld returned 1 exit status
make[1]: *** [cmTC_d0266] Error 1
make[1]: Leaving directory `/home/bjliuchang5/study/cmake/build/CMakeFiles/CMakeTmp'
make: *** [cmTC_d0266/fast] Error 2


